\BOOKMARK [1][-]{section.1}{\376\377\000I\000n\000t\000r\000o\000d\000u\000c\000t\000i\000o\000n}{}% 1
\BOOKMARK [1][-]{section.2}{\376\377\000M\000i\000n\000k\000o\000w\000s\000k\000i\000\040\000s\000p\000a\000c\000e\000\040\000a\000n\000d\000\040\000s\000p\000a\000c\000e\000-\000l\000i\000k\000e\000\040\000s\000u\000r\000f\000a\000c\000e\000s}{}% 2
\BOOKMARK [2][-]{section*.2}{\376\377\000S\000p\000a\000c\000e\000-\000l\000i\000k\000e\000\040\000i\000m\000m\000e\000r\000s\000i\000o\000n\000s\000.}{section.2}% 3
\BOOKMARK [3][-]{section*.3}{\376\377\000E\000n\000t\000i\000r\000e\000\040\000s\000u\000r\000f\000a\000c\000e\000s\000.}{section*.2}% 4
\BOOKMARK [4][-]{section*.4}{\376\377\000T\000h\000e\000\040\000G\000a\000u\000s\000s\000\040\000m\000a\000p\000\040\000i\000n\000\040\000M\0002\000,\0001}{section*.3}% 5
\BOOKMARK [4][-]{section*.5}{\376\377\000H\000\040\000i\000s\000\040\000a\000\040\000m\000o\000d\000e\000l\000\040\000f\000o\000r\000\040\000t\000h\000e\000\040\000H\000y\000p\000e\000r\000b\000o\000l\000i\000c\000\040\000p\000l\000a\000n\000e\000.}{section*.3}% 6
\BOOKMARK [1][-]{section.3}{\376\377\000T\000h\000e\000\040\000G\000a\000u\000s\000s\000-\000C\000o\000d\000a\000z\000z\000i\000\040\000e\000q\000u\000a\000t\000i\000o\000n\000s\000\040\000a\000n\000d\000\040\000t\000h\000e\000\040\000c\000u\000r\000v\000a\000t\000u\000r\000e\000s\000\040\000o\000f\000\040\000S}{}% 7
\BOOKMARK [2][-]{subsection.3.1}{\376\377\000F\000i\000r\000s\000t\000\040\000a\000n\000d\000\040\000s\000e\000c\000o\000n\000d\000\040\000f\000u\000n\000d\000a\000m\000e\000n\000t\000a\000l\000\040\000f\000o\000r\000m\000s}{section.3}% 8
\BOOKMARK [2][-]{subsection.3.2}{\376\377\000M\000e\000a\000n\000\040\000c\000u\000r\000v\000a\000t\000u\000r\000e\000\040\000a\000n\000d\000\040\000G\000a\000u\000s\000s\000i\000a\000n\000\040\000c\000u\000r\000v\000a\000t\000u\000r\000e\000\040\000e\000x\000p\000r}{section.3}% 9
\BOOKMARK [1][-]{section.4}{\376\377\000R\000i\000e\000m\000a\000n\000n\000\040\000s\000u\000r\000f\000a\000c\000e\000s\000\040\000a\000n\000d\000\040\000h\000a\000r\000m\000o\000n\000i\000c\000\040\000m\000a\000p\000s}{}% 10
\BOOKMARK [2][-]{subsection.4.1}{\376\377\000P\000r\000e\000l\000i\000m\000i\000n\000a\000r\000i\000e\000s\000\040\000o\000n\000\040\000R\000i\000e\000m\000a\000n\000n\000\040\000s\000u\000r\000f\000a\000c\000e\000s}{section.4}% 11
\BOOKMARK [3][-]{section*.6}{\376\377\000C\000o\000m\000p\000l\000e\000x\000i\000f\000i\000c\000a\000t\000i\000o\000n}{subsection.4.1}% 12
\BOOKMARK [4][-]{section*.7}{\376\377\000C\000o\000m\000p\000l\000e\000x\000\040\000s\000u\000r\000f\000a\000c\000e\000s}{section*.6}% 13
\BOOKMARK [4][-]{section*.8}{\376\377\000C\000o\000n\000f\000o\000r\000m\000a\000l\000\040\000m\000e\000t\000r\000i\000c\000s}{section*.6}% 14
\BOOKMARK [4][-]{section*.9}{\376\377\000C\000o\000n\000f\000o\000r\000m\000a\000l\000\040\000s\000t\000r\000u\000c\000t\000u\000r\000e\000s\000\040\000o\000n\000\040\0002\000-\000s\000u\000r\000f\000a\000c\000e\000s}{section*.6}% 15
\BOOKMARK [2][-]{subsection.4.2}{\376\377\000U\000n\000i\000f\000o\000r\000m\000i\000z\000a\000t\000i\000o\000n\000\040\000t\000h\000e\000o\000r\000e\000m}{section.4}% 16
\BOOKMARK [2][-]{subsection.4.3}{\376\377\000H\000a\000r\000m\000o\000n\000i\000c\000\040\000m\000a\000p\000s\000\040\000b\000e\000t\000w\000e\000e\000n\000\040\000R\000i\000e\000m\000a\000n\000n\000\040\000s\000u\000r\000f\000a\000c\000e\000s}{section.4}% 17
\BOOKMARK [2][-]{subsection.4.4}{\376\377\000E\000n\000e\000r\000g\000y\000\040\000d\000e\000n\000s\000i\000t\000y\000\040\000a\000n\000d\000\040\000J\000a\000c\000o\000b\000i\000a\000n}{section.4}% 18
\BOOKMARK [2][-]{subsection.4.5}{\376\377\000H\000o\000p\000f\000\040\000d\000i\000f\000f\000e\000r\000e\000n\000t\000i\000a\000l}{section.4}% 19
\BOOKMARK [2][-]{subsection.4.6}{\376\377\000H\000o\000l\000o\000m\000o\000r\000p\000h\000i\000c\000i\000t\000y\000\040\000o\000f\000\040\000t\000h\000e\000\040\000H\000o\000p\000f\000\040\000d\000i\000f\000f\000e\000r\000e\000n\000t\000i\000a\000l}{section.4}% 20
\BOOKMARK [2][-]{subsection.4.7}{\376\377\000B\000o\000c\000h\000n\000e\000r\000\040\000i\000d\000e\000n\000t\000i\000t\000i\000e\000s}{section.4}% 21
\BOOKMARK [2][-]{subsection.4.8}{\376\377\000H\000a\000r\000m\000o\000n\000i\000c\000\040\000m\000a\000p\000s\000\040\000i\000n\000t\000o\000\040\000t\000h\000e\000\040\000P\000o\000i\000n\000c\000a\000r\000\351\000\040\000d\000i\000s\000k}{section.4}% 22
\BOOKMARK [1][-]{section.5}{\376\377\000C\000M\000C\000\040\000s\000u\000r\000f\000a\000c\000e\000s\000\040\000a\000n\000d\000\040\000h\000a\000r\000m\000o\000n\000i\000c\000\040\000m\000a\000p\000s}{}% 23
\BOOKMARK [2][-]{subsection.5.1}{\376\377\000G\000a\000u\000s\000s\000\040\000m\000a\000p\000\040\000h\000a\000r\000m\000o\000n\000i\000c\000\040\000i\000f\000\040\000a\000n\000d\000\040\000o\000n\000l\000y\000\040\000i\000f\000\040\000m\000e\000a\000n\000\040\000c\000u\000r\000v\000a\000t\000u\000r\000e\000\040\000i\000s\000\040\000c\000o\000n\000s\000t\000a\000n\000t}{section.5}% 24
\BOOKMARK [2][-]{subsection.5.2}{\376\377\000D\000e\000f\000i\000n\000i\000t\000i\000o\000n\000\040\000o\000f\000\040\000w}{section.5}% 25
\BOOKMARK [2][-]{subsection.5.3}{\376\377\000E\000x\000p\000r\000e\000s\000s\000i\000o\000n\000\040\000o\000f\000\040\000t\000h\000e\000\040\000i\000n\000d\000u\000c\000e\000d\000\040\000m\000e\000t\000r\000i\000c\000\040\000i\000n\000\040\000t\000e\000r\000m\000s\000\040\000o\000f\000\040\000w\000\040\000a\000n\000d\000\040\000t\000h\000e\000\040\000H\000o\000p\000f\000\040\000d\000i\000f\000f\000e\000r\000e\000n\000t\000i\000a\000l}{section.5}% 26
\BOOKMARK [2][-]{subsection.5.4}{\376\377\000D\000e\000r\000i\000v\000a\000t\000i\000o\000n\000\040\000o\000f\000\040\000t\000h\000e\000\040\000m\000a\000i\000n\000\040\000P\000D\000E}{section.5}% 27
\BOOKMARK [2][-]{subsection.5.5}{\376\377\000R\000e\000c\000o\000n\000s\000t\000r\000u\000c\000t\000i\000o\000n\000\040\000o\000f\000\040\000t\000h\000e\000\040\000s\000u\000r\000f\000a\000c\000e\000\040\000u\000s\000i\000n\000g\000\040\000t\000h\000e\000\040\000G\000a\000u\000s\000s\000-\000C\000o\000d\000a\000z\000z\000i\000\040\000e\000q\000u\000a\000t\000i\000o\000n\000s}{section.5}% 28
\BOOKMARK [1][-]{section.6}{\376\377\000C\000l\000a\000s\000s\000i\000f\000i\000c\000a\000t\000i\000o\000n\000\040\000o\000f\000\040\000h\000y\000p\000e\000r\000b\000o\000l\000i\000c\000\040\000C\000M\000C\000\040\000c\000u\000t\000s}{}% 29
\BOOKMARK [2][-]{subsection.6.1}{\376\377\000T\000h\000e\000\040\000m\000e\000a\000n\000\040\000c\000u\000r\000v\000a\000t\000u\000r\000e\000\040\000o\000f\000\040\000t\000h\000e\000\040\000C\000M\000C\000\040\000i\000m\000m\000e\000r\000s\000e\000d\000\040\000i\000n\000\040\000M\0002\000,\0001\000\040\000c\000a\000n\000n\000o\000t\000\040\000b\000e\000\040\000-\0001}{section.6}% 30
\BOOKMARK [2][-]{subsection.6.2}{\376\377\000T\000h\000e\000\040\000i\000d\000e\000a\000\040\000b\000e\000h\000i\000n\000d\000\040\000t\000h\000e\000\040\000c\000l\000a\000s\000s\000i\000f\000i\000c\000a\000t\000i\000o\000n}{section.6}% 31
\BOOKMARK [2][-]{subsection.6.3}{\376\377\000T\000h\000e\000\040\000m\000a\000p\000\040\000A\000\040}{section.6}% 32
\BOOKMARK [3][-]{subsubsection.6.3.1}{\376\377\000H\000y\000p\000e\000r\000b\000o\000l\000i\000c\000\040\000C\000M\000C\000\040\000c\000u\000t\000s\000\040\000a\000n\000d\000\040\000c\000o\000n\000f\000o\000r\000m\000a\000l\000\040\000t\000y\000p\000e\000\040\000o\000f\000\040\000t\000h\000e\000\040\000d\000i\000s\000k}{subsection.6.3}% 33
\BOOKMARK [3][-]{subsubsection.6.3.2}{\376\377\000F\000r\000o\000m\000\040\000a\000\040\000s\000u\000r\000f\000a\000c\000e\000\040\000t\000o\000\040\000a\000\040\000h\000o\000l\000o\000m\000o\000r\000p\000h\000i\000c\000\040\000q\000u\000a\000d\000r\000a\000t\000i\000c\000\040\000d\000i\000f\000f\000e\000r\000e\000n\000t\000i\000a\000l}{subsection.6.3}% 34
\BOOKMARK [2][-]{subsection.6.4}{\376\377\000i\000n\000v\000e\000r\000t\000i\000n\000g\000\040\000t\000h\000e\000\040\000m\000a\000p\000\040\000A}{section.6}% 35
\BOOKMARK [3][-]{subsubsection.6.4.1}{\376\377\000R\000e\000c\000o\000n\000s\000t\000r\000u\000c\000t\000i\000o\000n\000\040\000f\000r\000o\000m\000\040\000t\000h\000e\000\040\000P\000D\000E\000\040\000d\000a\000t\000a}{subsection.6.4}% 36
\BOOKMARK [3][-]{subsubsection.6.4.2}{\376\377\000U\000s\000e\000\040\000o\000f\000\040\000G\000a\000u\000s\000s\000\040\000a\000n\000d\000\040\000C\000o\000d\000a\000z\000z\000i\000\040\000e\000q\000u\000a\000t\000i\000o\000n\000s}{subsection.6.4}% 37
\BOOKMARK [3][-]{subsubsection.6.4.3}{\376\377\000F\000u\000n\000d\000a\000m\000e\000n\000t\000a\000l\000\040\000t\000h\000e\000o\000r\000e\000m\000\040\000o\000f\000\040\000s\000u\000r\000f\000a\000c\000e\000\040\000t\000h\000e\000o\000r\000y}{subsection.6.4}% 38
\BOOKMARK [2][-]{subsection.6.5}{\376\377\000S\000t\000a\000t\000e\000m\000e\000n\000t\000\040\000o\000f\000\040\000t\000h\000e\000\040\000c\000l\000a\000s\000s\000i\000f\000i\000c\000a\000t\000i\000o\000n\000\040\000t\000h\000e\000o\000r\000e\000m}{section.6}% 39
\BOOKMARK [1][-]{section.7}{\376\377\000U\000n\000i\000q\000u\000e\000n\000e\000s\000s\000\040\000f\000o\000r\000\040\000t\000h\000e\000\040\000P\000D\000E}{}% 40
\BOOKMARK [2][-]{subsection.7.1}{\376\377\000A\000\040\000g\000e\000n\000e\000r\000a\000l\000i\000z\000e\000d\000\040\000m\000a\000x\000i\000m\000u\000m\000\040\000p\000r\000i\000n\000c\000i\000p\000l\000e}{section.7}% 41
\BOOKMARK [3][-]{section*.10}{\376\377\000A\000\040\000b\000o\000u\000n\000d\000e\000d\000n\000e\000s\000s\000\040\000r\000e\000s\000u\000l\000t}{subsection.7.1}% 42
\BOOKMARK [2][-]{subsection.7.2}{\376\377\000T\000h\000e\000\040\000u\000n\000i\000q\000u\000e\000n\000e\000s\000s\000\040\000t\000h\000e\000o\000r\000e\000m}{section.7}% 43
\BOOKMARK [1][-]{section.8}{\376\377\000e\000x\000i\000s\000t\000e\000n\000c\000e\000\040\000f\000o\000r\000\040\000t\000h\000e\000\040\000n\000o\000n\000l\000i\000n\000e\000a\000r\000\040\000P\000D\000E}{}% 44
